#
# A fatal error has been detected by the Java Runtime Environment:
#
#  SIGBUS (0xa) at pc=0x00000001103dc3cc, pid=79868, tid=17155
#
# JRE version: Java(TM) SE Runtime Environment (8.0_25-b17) (build 1.8.0_25-b17)
# Java VM: Java HotSpot(TM) 64-Bit Server VM (25.25-b02 mixed mode bsd-amd64 compressed oops)
# Problematic frame:
# V  [libjvm.dylib+0x5733cc]  interpretedVFrame::monitors() const+0xe0
#
# Failed to write core dump. Core dumps have been disabled. To enable core dumping, try "ulimit -c unlimited" before starting Java again
#
# If you would like to submit a bug report, please visit:
#   http://bugreport.sun.com/bugreport/crash.jsp
#

---------------  T H R E A D  ---------------

Current thread (0x00007ffc0983b800):  JavaThread "JDWP Transport Listener: dt_socket" daemon [_thread_in_vm, id=17155, stack(0x0000700000b3b000,0x0000700000c3b000)]

siginfo: si_signo: 10 (SIGBUS), si_code: 2 (BUS_ADRERR), si_addr: 0x000070000011cff0

Registers:
RAX=0x000000079583c6d8, RBX=0x00007ffc0a067010, RCX=0x00007ffc09a87d90, RDX=0x0000000128b95010
RSP=0x0000700000c3a130, RBP=0x0000700000c3a220, RSI=0x000070000011cff8, RDI=0x0000700000c3a190
R8 =0x0000000000000000, R9 =0x00000001106535b8, R10=0x00000000ffffffff, R11=0xffffffff00000000
R12=0x000070000011cfe8, R13=0x0000000000000000, R14=0x00007ffc0a067610, R15=0x0000700000c3a1c8
RIP=0x00000001103dc3cc, EFLAGS=0x0000000000010202, ERR=0x0000000000000004
  TRAPNO=0x000000000000000e

Top of Stack: (sp=0x0000700000c3a130)
0x0000700000c3a130:   00007000002198f0 0000000111652a0d
0x0000700000c3a140:   0000000111650310 ffffffff00000000
0x0000700000c3a150:   0000700000219938 00007000002198f8
0x0000700000c3a160:   00007000002198f0 0000000111652a0d
0x0000700000c3a170:   0000000111650310 ffffffff00000000
0x0000700000c3a180:   0000700000219938 00007000002198f8
0x0000700000c3a190:   00007000002198f0 0000000111652a0d
0x0000700000c3a1a0:   0000000111650310 0000001900000000
0x0000700000c3a1b0:   0000700000219938 00007000002198f8
0x0000700000c3a1c0:   00007ffc09a87d90 00007000002198f0
0x0000700000c3a1d0:   0000000111652a0d 0000000111650310
0x0000700000c3a1e0:   ffffffff00000000 0000700000219938
0x0000700000c3a1f0:   00007000002198f8 00007ffc094434a0
0x0000700000c3a200:   0000000110640310 00007ffc0a067010
0x0000700000c3a210:   00007ffc0a067010 00007ffc0a001000
0x0000700000c3a220:   0000700000c3a2f0 00000001101d04b0
0x0000700000c3a230:   00007ffcffffffff 0000000c00000008
0x0000700000c3a240:   00007ffc0983b800 0000000100000015
0x0000700000c3a250:   0000001e0000001b 0000005100000045
0x0000700000c3a260:   0000006700000065 0000006b00000069
0x0000700000c3a270:   0000006f0000006d 0000007600000071
0x0000700000c3a280:   0000008f00000081 000000b60000009f
0x0000700000c3a290:   000000bd000000bb 0000000000000c00
0x0000700000c3a2a0:   00007ffc094389c0 00007ffc0a066a00
0x0000700000c3a2b0:   00007ffc0a067610 00007ffc0a06e9e8
0x0000700000c3a2c0:   00000000000083b0 00007ffc0a001000
0x0000700000c3a2d0:   0000000110640310 00007ffc0a067010
0x0000700000c3a2e0:   00007ffc0983b800 0000000000000001
0x0000700000c3a2f0:   0000700000c3a980 00000001101d1460
0x0000700000c3a300:   00007ffc09502ad0 00007ffc094434a0
0x0000700000c3a310:   00007ffc0983b800 00007ffc09504240
0x0000700000c3a320:   0000700000c3a5b0 00000001103e8b93 

Instructions: (pc=0x00000001103dc3cc)
0x00000001103dc3ac:   48 8b 4b 30 48 89 8d 68 ff ff ff 48 8d bd 40 ff
0x00000001103dc3bc:   ff ff 48 89 c6 e8 ae 75 cc ff 4c 8d 7d a8 eb 79
0x00000001103dc3cc:   4d 8b 6c 24 08 31 f6 bf 20 00 00 00 e8 bd 7c f3
0x00000001103dc3dc:   ff 48 85 c0 74 17 4c 89 28 48 c7 40 10 00 00 00 

Register to memory mapping:

RAX=0x000000079583c6d8 is an oop
java.lang.RuntimeException 
 - klass: 'java/lang/RuntimeException'
RBX=0x00007ffc0a067010 is an unknown value
RCX=0x00007ffc09a87d90 is an unknown value
RDX=0x0000000128b95010 is an unknown value
RSP=0x0000700000c3a130 is pointing into the stack for thread: 0x00007ffc0983b800
RBP=0x0000700000c3a220 is pointing into the stack for thread: 0x00007ffc0983b800
RSI=0x000070000011cff8 is pointing into the stack for thread: 0x00007ffc0a001000
RDI=0x0000700000c3a190 is pointing into the stack for thread: 0x00007ffc0983b800
R8 =0x0000000000000000 is an unknown value
R9 =0x00000001106535b8: _ZL8tc_mutex+0x18 in /Library/Java/JavaVirtualMachines/jdk1.8.0_25.jdk/Contents/Home/jre/lib/server/libjvm.dylib at 0x000000010fe69000
R10=0x00000000ffffffff is an unknown value
R11=0xffffffff00000000 is an unknown value
R12=0x000070000011cfe8 is pointing into the stack for thread: 0x00007ffc0a001000
R13=0x0000000000000000 is an unknown value
R14=0x00007ffc0a067610 is an unknown value
R15=0x0000700000c3a1c8 is pointing into the stack for thread: 0x00007ffc0983b800


Stack: [0x0000700000b3b000,0x0000700000c3b000],  sp=0x0000700000c3a130,  free space=1020k
Native frames: (J=compiled Java code, j=interpreted, Vv=VM code, C=native code)
V  [libjvm.dylib+0x5733cc]  interpretedVFrame::monitors() const+0xe0
V  [libjvm.dylib+0x3674b0]  JvmtiEnvBase::get_locked_objects_in_frame(JavaThread*, JavaThread*, javaVFrame*, GrowableArray<_jvmtiMonitorStackDepthInfo*>*, int)+0x6e
V  [libjvm.dylib+0x368460]  JvmtiEnvBase::get_owned_monitors(JavaThread*, JavaThread*, GrowableArray<_jvmtiMonitorStackDepthInfo*>*)+0xe2
V  [libjvm.dylib+0x364f07]  JvmtiEnv::GetOwnedMonitorInfo(JavaThread*, int*, _jobject***)+0x9b
V  [libjvm.dylib+0x33a74d]  jvmti_GetOwnedMonitorInfo+0x155
C  [libjdwp.dylib+0x8570]  ownedMonitors+0xe7
C  [libjdwp.dylib+0xe8f6]  debugLoop_run+0x1ce
C  [libjdwp.dylib+0x1f716]  attachThread+0x4d
V  [libjvm.dylib+0x3762ce]  JvmtiAgentThread::call_start_function()+0x38
V  [libjvm.dylib+0x535ed9]  JavaThread::thread_main_inner()+0x9b
V  [libjvm.dylib+0x53761c]  JavaThread::run()+0x1c2
V  [libjvm.dylib+0x45d87e]  java_start(Thread*)+0xf6
C  [libsystem_pthread.dylib+0x39b1]  _pthread_body+0x83
C  [libsystem_pthread.dylib+0x392e]  _pthread_body+0x0
C  [libsystem_pthread.dylib+0x1385]  thread_start+0xd
C  0x0000000000000000


---------------  P R O C E S S  ---------------

Java Threads: ( => current thread )
  0x00007ffc0a828800 JavaThread "Service Thread" daemon [_thread_blocked, id=20227, stack(0x000070000114d000,0x000070000124d000)]
  0x00007ffc0b024800 JavaThread "C1 CompilerThread2" daemon [_thread_blocked, id=19715, stack(0x000070000104a000,0x000070000114a000)]
  0x00007ffc0987f800 JavaThread "C2 CompilerThread1" daemon [_thread_blocked, id=19203, stack(0x0000700000f47000,0x0000700001047000)]
  0x00007ffc0983c000 JavaThread "C2 CompilerThread0" daemon [_thread_blocked, id=18691, stack(0x0000700000e44000,0x0000700000f44000)]
  0x00007ffc0b00f000 JavaThread "JDWP Command Reader" daemon [_thread_in_native, id=18179, stack(0x0000700000d41000,0x0000700000e41000)]
  0x00007ffc0a828000 JavaThread "JDWP Event Helper Thread" daemon [_thread_blocked, id=17667, stack(0x0000700000c3e000,0x0000700000d3e000)]
=>0x00007ffc0983b800 JavaThread "JDWP Transport Listener: dt_socket" daemon [_thread_in_vm, id=17155, stack(0x0000700000b3b000,0x0000700000c3b000)]
  0x00007ffc0a00f000 JavaThread "Signal Dispatcher" daemon [_thread_blocked, id=12815, stack(0x0000700000a38000,0x0000700000b38000)]
  0x00007ffc0981b000 JavaThread "Finalizer" daemon [_thread_blocked, id=12291, stack(0x000070000082f000,0x000070000092f000)]
  0x00007ffc0981a800 JavaThread "Reference Handler" daemon [_thread_blocked, id=11779, stack(0x000070000072c000,0x000070000082c000)]
  0x00007ffc0a001000 JavaThread "main" [_thread_blocked, id=5891, stack(0x000070000011a000,0x000070000021a000)]

Other Threads:
  0x00007ffc0b00b800 VMThread [stack: 0x0000700000629000,0x0000700000729000] [id=11267]
  0x00007ffc0a02a800 WatcherThread [stack: 0x0000700001250000,0x0000700001350000] [id=20739]

VM state:not at safepoint (normal execution)

VM Mutex/Monitor currently owned by a thread: None

Heap:
 PSYoungGen      total 38400K, used 3328K [0x0000000795580000, 0x0000000798000000, 0x00000007c0000000)
  eden space 33280K, 10% used [0x0000000795580000,0x00000007958c0150,0x0000000797600000)
  from space 5120K, 0% used [0x0000000797b00000,0x0000000797b00000,0x0000000798000000)
  to   space 5120K, 0% used [0x0000000797600000,0x0000000797600000,0x0000000797b00000)
 ParOldGen       total 87552K, used 0K [0x0000000740000000, 0x0000000745580000, 0x0000000795580000)
  object space 87552K, 0% used [0x0000000740000000,0x0000000740000000,0x0000000745580000)
 Metaspace       used 2863K, capacity 4564K, committed 4864K, reserved 1056768K
  class space    used 304K, capacity 388K, committed 512K, reserved 1048576K

Card table byte_map: [0x0000000120a0b000,0x0000000120e0c000] byte_map_base: 0x000000011d00b000

Marking Bits: (ParMarkBitMap*) 0x0000000110706390
 Begin Bits: [0x00000001210b7000, 0x00000001230b7000)
 End Bits:   [0x00000001230b7000, 0x00000001250b7000)

Polling page: 0x0000000110dcb000

CodeCache: size=245760Kb used=1159Kb max_used=1159Kb free=244600Kb
 bounds [0x000000011164b000, 0x00000001118bb000, 0x000000012064b000]
 total_blobs=277 nmethods=50 adapters=150
 compilation: enabled

Compilation events (10 events):
Event: 0.267 Thread 0x00007ffc0b024800   46       3       java.util.jar.Attributes$Name::isAlpha (30 bytes)
Event: 0.267 Thread 0x00007ffc0b024800 nmethod 46 0x000000011176d410 code [0x000000011176d580, 0x000000011176d7b0]
Event: 0.267 Thread 0x00007ffc0b024800   47       3       java.util.HashMap::put (13 bytes)
Event: 0.267 Thread 0x00007ffc0b024800 nmethod 47 0x000000011176c310 code [0x000000011176c4a0, 0x000000011176c878]
Event: 0.268 Thread 0x00007ffc0b024800   48       3       java.lang.String::lastIndexOf (52 bytes)
Event: 0.268 Thread 0x00007ffc0b024800 nmethod 48 0x000000011176bc50 code [0x000000011176bde0, 0x000000011176c1a8]
Event: 0.268 Thread 0x00007ffc0b024800   49       3       java.lang.String::startsWith (7 bytes)
Event: 0.268 Thread 0x00007ffc0b024800 nmethod 49 0x000000011176cf10 code [0x000000011176d080, 0x000000011176d2a8]
Event: 0.274 Thread 0x00007ffc0b024800   50       3       java.lang.AbstractStringBuilder::append (50 bytes)
Event: 0.275 Thread 0x00007ffc0b024800 nmethod 50 0x000000011176b390 code [0x000000011176b540, 0x000000011176ba68]

GC Heap History (0 events):
No events

Deoptimization events (0 events):
No events

Internal exceptions (8 events):
Event: 0.046 Thread 0x00007ffc0a001000 Exception <a 'java/lang/NoSuchMethodError': Method sun.misc.Unsafe.defineClass(Ljava/lang/String;[BII)Ljava/lang/Class; name or signature does not match> (0x0000000795591e50) thrown at [/HUDSON3/workspace/8-2-build-macosx-x86_64/jdk8u25/1514/hotspot/src/s
Event: 0.046 Thread 0x00007ffc0a001000 Exception <a 'java/lang/NoSuchMethodError': Method sun.misc.Unsafe.prefetchRead(Ljava/lang/Object;J)V name or signature does not match> (0x00000007955920e0) thrown at [/HUDSON3/workspace/8-2-build-macosx-x86_64/jdk8u25/1514/hotspot/src/share/vm/prims/jni.
Event: 0.252 Thread 0x00007ffc0a001000 Exception <a 'java/security/PrivilegedActionException'> (0x000000079561a430) thrown at [/HUDSON3/workspace/8-2-build-macosx-x86_64/jdk8u25/1514/hotspot/src/share/vm/prims/jvm.cpp, line 1312]
Event: 0.257 Thread 0x00007ffc0a001000 Exception <a 'java/security/PrivilegedActionException'> (0x00000007956208d8) thrown at [/HUDSON3/workspace/8-2-build-macosx-x86_64/jdk8u25/1514/hotspot/src/share/vm/prims/jvm.cpp, line 1312]
Event: 0.258 Thread 0x00007ffc0a001000 Exception <a 'java/security/PrivilegedActionException'> (0x0000000795623a30) thrown at [/HUDSON3/workspace/8-2-build-macosx-x86_64/jdk8u25/1514/hotspot/src/share/vm/prims/jvm.cpp, line 1312]
Event: 0.267 Thread 0x00007ffc0a001000 Exception <a 'java/security/PrivilegedActionException'> (0x00000007958360a0) thrown at [/HUDSON3/workspace/8-2-build-macosx-x86_64/jdk8u25/1514/hotspot/src/share/vm/prims/jvm.cpp, line 1312]
Event: 0.268 Thread 0x00007ffc0a001000 Exception <a 'java/security/PrivilegedActionException'> (0x0000000795839860) thrown at [/HUDSON3/workspace/8-2-build-macosx-x86_64/jdk8u25/1514/hotspot/src/share/vm/prims/jvm.cpp, line 1312]
Event: 0.272 Thread 0x00007ffc0a001000 Exception <a 'java/lang/NullPointerException'> (0x000000079583c528) thrown at [/HUDSON3/workspace/8-2-build-macosx-x86_64/jdk8u25/1514/hotspot/src/share/vm/interpreter/linkResolver.cpp, line 1280]

Events (10 events):
Event: 220.960 Executing VM operation: RedefineClasses
Event: 220.961 Executing VM operation: RedefineClasses done
Event: 220.964 Executing VM operation: EnterInterpOnlyMode
Event: 220.964 Executing VM operation: EnterInterpOnlyMode done
Event: 220.964 Executing VM operation: GetCurrentLocation
Event: 220.964 Executing VM operation: GetCurrentLocation done
Event: 220.964 Executing VM operation: ChangeSingleStep
Event: 220.964 Executing VM operation: ChangeSingleStep done
Event: 220.967 Executing VM operation: ChangeSingleStep
Event: 220.967 Executing VM operation: ChangeSingleStep done


Dynamic libraries:
0x0000000001c38000 	/System/Library/Frameworks/Cocoa.framework/Versions/A/Cocoa
0x0000000001c38000 	/System/Library/Frameworks/Security.framework/Versions/A/Security
0x0000000001c38000 	/System/Library/Frameworks/ApplicationServices.framework/Versions/A/ApplicationServices
0x0000000001c38000 	/usr/lib/libz.1.dylib
0x0000000001c38000 	/usr/lib/libSystem.B.dylib
0x0000000001c38000 	/usr/lib/libobjc.A.dylib
0x0000000001c38000 	/System/Library/Frameworks/CoreFoundation.framework/Versions/A/CoreFoundation
0x0000000001c38000 	/System/Library/Frameworks/Foundation.framework/Versions/C/Foundation
0x0000000001c38000 	/System/Library/Frameworks/AppKit.framework/Versions/C/AppKit
0x0000000001c38000 	/System/Library/Frameworks/CoreData.framework/Versions/A/CoreData
0x0000000001c38000 	/System/Library/PrivateFrameworks/RemoteViewServices.framework/Versions/A/RemoteViewServices
0x0000000001c38000 	/System/Library/PrivateFrameworks/UIFoundation.framework/Versions/A/UIFoundation
0x0000000001c38000 	/usr/lib/libScreenReader.dylib
0x0000000001c38000 	/System/Library/Frameworks/Accelerate.framework/Versions/A/Accelerate
0x0000000001c38000 	/System/Library/Frameworks/IOSurface.framework/Versions/A/IOSurface
0x0000000001c38000 	/System/Library/Frameworks/AudioToolbox.framework/Versions/A/AudioToolbox
0x0000000001c38000 	/System/Library/Frameworks/AudioUnit.framework/Versions/A/AudioUnit
0x0000000001c38000 	/System/Library/PrivateFrameworks/DataDetectorsCore.framework/Versions/A/DataDetectorsCore
0x0000000001c38000 	/System/Library/PrivateFrameworks/DesktopServicesPriv.framework/Versions/A/DesktopServicesPriv
0x0000000001c38000 	/System/Library/Frameworks/Carbon.framework/Versions/A/Frameworks/HIToolbox.framework/Versions/A/HIToolbox
0x0000000001c38000 	/System/Library/Frameworks/QuartzCore.framework/Versions/A/QuartzCore
0x0000000001c38000 	/System/Library/Frameworks/Carbon.framework/Versions/A/Frameworks/SpeechRecognition.framework/Versions/A/SpeechRecognition
0x0000000001c38000 	/usr/lib/libauto.dylib
0x0000000001c38000 	/usr/lib/libicucore.A.dylib
0x0000000001c38000 	/usr/lib/libxml2.2.dylib
0x0000000001c38000 	/System/Library/PrivateFrameworks/CoreUI.framework/Versions/A/CoreUI
0x0000000001c38000 	/System/Library/Frameworks/CoreAudio.framework/Versions/A/CoreAudio
0x0000000001c38000 	/System/Library/Frameworks/DiskArbitration.framework/Versions/A/DiskArbitration
0x0000000001c38000 	/usr/lib/liblangid.dylib
0x0000000001c38000 	/System/Library/PrivateFrameworks/MultitouchSupport.framework/Versions/A/MultitouchSupport
0x0000000001c38000 	/System/Library/Frameworks/IOKit.framework/Versions/A/IOKit
0x0000000001c38000 	/usr/lib/libDiagnosticMessagesClient.dylib
0x0000000001c38000 	/System/Library/Frameworks/CoreServices.framework/Versions/A/CoreServices
0x0000000001c38000 	/System/Library/PrivateFrameworks/PerformanceAnalysis.framework/Versions/A/PerformanceAnalysis
0x0000000001c38000 	/System/Library/PrivateFrameworks/GenerationalStorage.framework/Versions/A/GenerationalStorage
0x0000000001c38000 	/System/Library/Frameworks/OpenGL.framework/Versions/A/OpenGL
0x0000000001c38000 	/System/Library/PrivateFrameworks/Sharing.framework/Versions/A/Sharing
0x0000000001c38000 	/System/Library/Frameworks/CoreGraphics.framework/Versions/A/CoreGraphics
0x0000000001c38000 	/System/Library/Frameworks/CoreImage.framework/Versions/A/CoreImage
0x0000000001c38000 	/System/Library/Frameworks/CoreText.framework/Versions/A/CoreText
0x0000000001c38000 	/System/Library/Frameworks/ImageIO.framework/Versions/A/ImageIO
0x0000000001c38000 	/System/Library/PrivateFrameworks/Backup.framework/Versions/A/Backup
0x0000000001c38000 	/usr/lib/libextension.dylib
0x0000000001c38000 	/usr/lib/libarchive.2.dylib
0x0000000001c38000 	/System/Library/Frameworks/CFNetwork.framework/Versions/A/CFNetwork
0x0000000001c38000 	/System/Library/Frameworks/SystemConfiguration.framework/Versions/A/SystemConfiguration
0x0000000001c38000 	/usr/lib/libCRFSuite.dylib
0x0000000001c38000 	/usr/lib/libc++.1.dylib
0x0000000001c38000 	/usr/lib/libc++abi.dylib
0x0000000001c38000 	/usr/lib/system/libcache.dylib
0x0000000001c38000 	/usr/lib/system/libcommonCrypto.dylib
0x0000000001c38000 	/usr/lib/system/libcompiler_rt.dylib
0x0000000001c38000 	/usr/lib/system/libcopyfile.dylib
0x0000000001c38000 	/usr/lib/system/libcorecrypto.dylib
0x0000000001c38000 	/usr/lib/system/libdispatch.dylib
0x0000000001c38000 	/usr/lib/system/libdyld.dylib
0x0000000001c38000 	/usr/lib/system/libkeymgr.dylib
0x0000000001c38000 	/usr/lib/system/liblaunch.dylib
0x0000000001c38000 	/usr/lib/system/libmacho.dylib
0x0000000001c38000 	/usr/lib/system/libquarantine.dylib
0x0000000001c38000 	/usr/lib/system/libremovefile.dylib
0x0000000001c38000 	/usr/lib/system/libsystem_asl.dylib
0x0000000001c38000 	/usr/lib/system/libsystem_blocks.dylib
0x0000000001c38000 	/usr/lib/system/libsystem_c.dylib
0x0000000001c38000 	/usr/lib/system/libsystem_configuration.dylib
0x0000000001c38000 	/usr/lib/system/libsystem_coreservices.dylib
0x0000000001c38000 	/usr/lib/system/libsystem_coretls.dylib
0x0000000001c38000 	/usr/lib/system/libsystem_dnssd.dylib
0x0000000001c38000 	/usr/lib/system/libsystem_info.dylib
0x0000000001c38000 	/usr/lib/system/libsystem_kernel.dylib
0x0000000001c38000 	/usr/lib/system/libsystem_m.dylib
0x0000000001c38000 	/usr/lib/system/libsystem_malloc.dylib
0x0000000001c38000 	/usr/lib/system/libsystem_network.dylib
0x0000000001c38000 	/usr/lib/system/libsystem_networkextension.dylib
0x0000000001c38000 	/usr/lib/system/libsystem_notify.dylib
0x0000000001c38000 	/usr/lib/system/libsystem_platform.dylib
0x0000000001c38000 	/usr/lib/system/libsystem_pthread.dylib
0x0000000001c38000 	/usr/lib/system/libsystem_sandbox.dylib
0x0000000001c38000 	/usr/lib/system/libsystem_secinit.dylib
0x0000000001c38000 	/usr/lib/system/libsystem_trace.dylib
0x0000000001c38000 	/usr/lib/system/libunc.dylib
0x0000000001c38000 	/usr/lib/system/libunwind.dylib
0x0000000001c38000 	/usr/lib/system/libxpc.dylib
0x0000000001c38000 	/usr/lib/libenergytrace.dylib
0x0000000001c38000 	/usr/lib/libbsm.0.dylib
0x0000000001c38000 	/usr/lib/system/libkxld.dylib
0x0000000001c38000 	/usr/lib/libxar.1.dylib
0x0000000001c38000 	/usr/lib/libsqlite3.dylib
0x0000000001c38000 	/usr/lib/libpam.2.dylib
0x0000000001c38000 	/usr/lib/libOpenScriptingUtil.dylib
0x0000000001c38000 	/usr/lib/libbz2.1.0.dylib
0x0000000001c38000 	/usr/lib/liblzma.5.dylib
0x0000000001c38000 	/System/Library/Frameworks/CoreServices.framework/Versions/A/Frameworks/FSEvents.framework/Versions/A/FSEvents
0x0000000001c38000 	/System/Library/Frameworks/CoreServices.framework/Versions/A/Frameworks/CarbonCore.framework/Versions/A/CarbonCore
0x0000000001c38000 	/System/Library/Frameworks/CoreServices.framework/Versions/A/Frameworks/Metadata.framework/Versions/A/Metadata
0x0000000001c38000 	/System/Library/Frameworks/CoreServices.framework/Versions/A/Frameworks/OSServices.framework/Versions/A/OSServices
0x0000000001c38000 	/System/Library/Frameworks/CoreServices.framework/Versions/A/Frameworks/SearchKit.framework/Versions/A/SearchKit
0x0000000001c38000 	/System/Library/Frameworks/CoreServices.framework/Versions/A/Frameworks/AE.framework/Versions/A/AE
0x0000000001c38000 	/System/Library/Frameworks/CoreServices.framework/Versions/A/Frameworks/LaunchServices.framework/Versions/A/LaunchServices
0x0000000001c38000 	/System/Library/Frameworks/CoreServices.framework/Versions/A/Frameworks/DictionaryServices.framework/Versions/A/DictionaryServices
0x0000000001c38000 	/System/Library/Frameworks/CoreServices.framework/Versions/A/Frameworks/SharedFileList.framework/Versions/A/SharedFileList
0x0000000001c38000 	/System/Library/Frameworks/NetFS.framework/Versions/A/NetFS
0x0000000001c38000 	/System/Library/PrivateFrameworks/NetAuth.framework/Versions/A/NetAuth
0x0000000001c38000 	/System/Library/PrivateFrameworks/login.framework/Versions/A/Frameworks/loginsupport.framework/Versions/A/loginsupport
0x0000000001c38000 	/System/Library/PrivateFrameworks/TCC.framework/Versions/A/TCC
0x0000000001c38000 	/usr/lib/libmecabra.dylib
0x0000000001c38000 	/System/Library/Frameworks/ApplicationServices.framework/Versions/A/Frameworks/ATS.framework/Versions/A/ATS
0x0000000001c38000 	/System/Library/Frameworks/ApplicationServices.framework/Versions/A/Frameworks/ColorSync.framework/Versions/A/ColorSync
0x0000000001c38000 	/System/Library/Frameworks/ApplicationServices.framework/Versions/A/Frameworks/HIServices.framework/Versions/A/HIServices
0x0000000001c38000 	/System/Library/Frameworks/ApplicationServices.framework/Versions/A/Frameworks/LangAnalysis.framework/Versions/A/LangAnalysis
0x0000000001c38000 	/System/Library/Frameworks/ApplicationServices.framework/Versions/A/Frameworks/PrintCore.framework/Versions/A/PrintCore
0x0000000001c38000 	/System/Library/Frameworks/ApplicationServices.framework/Versions/A/Frameworks/QD.framework/Versions/A/QD
0x0000000001c38000 	/System/Library/Frameworks/ApplicationServices.framework/Versions/A/Frameworks/SpeechSynthesis.framework/Versions/A/SpeechSynthesis
0x0000000001c38000 	/System/Library/Frameworks/Metal.framework/Versions/A/Metal
0x0000000001c38000 	/System/Library/Frameworks/Accelerate.framework/Versions/A/Frameworks/vImage.framework/Versions/A/vImage
0x0000000001c38000 	/System/Library/Frameworks/Accelerate.framework/Versions/A/Frameworks/vecLib.framework/Versions/A/vecLib
0x0000000001c38000 	/System/Library/Frameworks/Accelerate.framework/Versions/A/Frameworks/vecLib.framework/Versions/A/libvDSP.dylib
0x0000000001c38000 	/System/Library/Frameworks/Accelerate.framework/Versions/A/Frameworks/vecLib.framework/Versions/A/libvMisc.dylib
0x0000000001c38000 	/System/Library/Frameworks/Accelerate.framework/Versions/A/Frameworks/vecLib.framework/Versions/A/libLAPACK.dylib
0x0000000001c38000 	/System/Library/Frameworks/Accelerate.framework/Versions/A/Frameworks/vecLib.framework/Versions/A/libBLAS.dylib
0x0000000001c38000 	/System/Library/Frameworks/Accelerate.framework/Versions/A/Frameworks/vecLib.framework/Versions/A/libLinearAlgebra.dylib
0x0000000001c38000 	/System/Library/Frameworks/Accelerate.framework/Versions/A/Frameworks/vecLib.framework/Versions/A/libSparseBLAS.dylib
0x0000000001c38000 	/System/Library/PrivateFrameworks/GPUCompiler.framework/libmetal_timestamp.dylib
0x0000000001c38000 	/System/Library/Frameworks/OpenGL.framework/Versions/A/Libraries/libCoreFSCache.dylib
0x0000000001c38000 	/System/Library/PrivateFrameworks/IOAccelerator.framework/Versions/A/IOAccelerator
0x0000000001c38000 	/System/Library/Frameworks/ApplicationServices.framework/Versions/A/Frameworks/ATS.framework/Versions/A/Resources/libFontParser.dylib
0x0000000001c38000 	/System/Library/Frameworks/ApplicationServices.framework/Versions/A/Frameworks/ATS.framework/Versions/A/Resources/libFontRegistry.dylib
0x0000000001c38000 	/System/Library/PrivateFrameworks/AppleVPA.framework/Versions/A/AppleVPA
0x0000000001c38000 	/System/Library/PrivateFrameworks/AppleJPEG.framework/Versions/A/AppleJPEG
0x0000000001c38000 	/System/Library/Frameworks/ImageIO.framework/Versions/A/Resources/libJPEG.dylib
0x0000000001c38000 	/System/Library/Frameworks/ImageIO.framework/Versions/A/Resources/libTIFF.dylib
0x0000000001c38000 	/System/Library/Frameworks/ImageIO.framework/Versions/A/Resources/libPng.dylib
0x0000000001c38000 	/System/Library/Frameworks/ImageIO.framework/Versions/A/Resources/libGIF.dylib
0x0000000001c38000 	/System/Library/Frameworks/ImageIO.framework/Versions/A/Resources/libJP2.dylib
0x0000000001c38000 	/System/Library/Frameworks/ImageIO.framework/Versions/A/Resources/libRadiance.dylib
0x0000000001c38000 	/System/Library/Frameworks/CoreVideo.framework/Versions/A/CoreVideo
0x0000000001c38000 	/System/Library/Frameworks/OpenGL.framework/Versions/A/Libraries/libGLU.dylib
0x0000000001c38000 	/System/Library/Frameworks/OpenGL.framework/Versions/A/Libraries/libGFXShared.dylib
0x0000000001c38000 	/System/Library/Frameworks/OpenGL.framework/Versions/A/Libraries/libGL.dylib
0x0000000001c38000 	/System/Library/Frameworks/OpenGL.framework/Versions/A/Libraries/libGLImage.dylib
0x0000000001c38000 	/System/Library/Frameworks/OpenGL.framework/Versions/A/Libraries/libCVMSPluginSupport.dylib
0x0000000001c38000 	/System/Library/Frameworks/OpenGL.framework/Versions/A/Libraries/libCoreVMClient.dylib
0x0000000001c38000 	/usr/lib/libcups.2.dylib
0x0000000001c38000 	/System/Library/Frameworks/Kerberos.framework/Versions/A/Kerberos
0x0000000001c38000 	/System/Library/Frameworks/GSS.framework/Versions/A/GSS
0x0000000001c38000 	/usr/lib/libresolv.9.dylib
0x0000000001c38000 	/usr/lib/libiconv.2.dylib
0x0000000001c38000 	/System/Library/PrivateFrameworks/Heimdal.framework/Versions/A/Heimdal
0x0000000001c38000 	/usr/lib/libheimdal-asn1.dylib
0x0000000001c38000 	/System/Library/Frameworks/OpenDirectory.framework/Versions/A/OpenDirectory
0x0000000001c38000 	/System/Library/PrivateFrameworks/CommonAuth.framework/Versions/A/CommonAuth
0x0000000001c38000 	/System/Library/Frameworks/OpenDirectory.framework/Versions/A/Frameworks/CFOpenDirectory.framework/Versions/A/CFOpenDirectory
0x0000000001c38000 	/System/Library/Frameworks/SecurityFoundation.framework/Versions/A/SecurityFoundation
0x0000000001c38000 	/System/Library/PrivateFrameworks/LanguageModeling.framework/Versions/A/LanguageModeling
0x0000000001c38000 	/usr/lib/libmarisa.dylib
0x0000000001c38000 	/usr/lib/libChineseTokenizer.dylib
0x0000000001c38000 	/usr/lib/libcmph.dylib
0x0000000001c38000 	/usr/lib/libcompression.dylib
0x0000000001c38000 	/System/Library/Frameworks/ServiceManagement.framework/Versions/A/ServiceManagement
0x0000000001c38000 	/usr/lib/libxslt.1.dylib
0x0000000001c38000 	/System/Library/Frameworks/Carbon.framework/Versions/A/Frameworks/Ink.framework/Versions/A/Ink
0x0000000001c38000 	/usr/lib/libFosl_dynamic.dylib
0x0000000001c38000 	/System/Library/PrivateFrameworks/FaceCore.framework/Versions/A/FaceCore
0x0000000001c38000 	/System/Library/Frameworks/OpenCL.framework/Versions/A/OpenCL
0x0000000001c38000 	/System/Library/PrivateFrameworks/CrashReporterSupport.framework/Versions/A/CrashReporterSupport
0x0000000001c38000 	/System/Library/PrivateFrameworks/IconServices.framework/Versions/A/IconServices
0x0000000001c38000 	/System/Library/PrivateFrameworks/Apple80211.framework/Versions/A/Apple80211
0x0000000001c38000 	/System/Library/Frameworks/CoreWLAN.framework/Versions/A/CoreWLAN
0x0000000001c38000 	/System/Library/Frameworks/IOBluetooth.framework/Versions/A/IOBluetooth
0x0000000001c38000 	/System/Library/PrivateFrameworks/CoreWiFi.framework/Versions/A/CoreWiFi
0x0000000001c38000 	/System/Library/Frameworks/CoreBluetooth.framework/Versions/A/CoreBluetooth
0x0000000001c38000 	/System/Library/PrivateFrameworks/ChunkingLibrary.framework/Versions/A/ChunkingLibrary
0x0000000001c38000 	/System/Library/PrivateFrameworks/DebugSymbols.framework/Versions/A/DebugSymbols
0x0000000001c38000 	/System/Library/PrivateFrameworks/CoreSymbolication.framework/Versions/A/CoreSymbolication
0x0000000001c38000 	/System/Library/PrivateFrameworks/Symbolication.framework/Versions/A/Symbolication
0x0000000001c38000 	/System/Library/PrivateFrameworks/SpeechRecognitionCore.framework/Versions/A/SpeechRecognitionCore
0x000000010fe69000 	/Library/Java/JavaVirtualMachines/jdk1.8.0_25.jdk/Contents/Home/jre/lib/server/libjvm.dylib
0x0000000001c38000 	/usr/lib/libstdc++.6.dylib
0x0000000110d89000 	/Library/Java/JavaVirtualMachines/jdk1.8.0_25.jdk/Contents/Home/jre/lib/libverify.dylib
0x0000000110d97000 	/Library/Java/JavaVirtualMachines/jdk1.8.0_25.jdk/Contents/Home/jre/lib/libjava.dylib
0x0000000111600000 	/Library/Java/JavaVirtualMachines/jdk1.8.0_25.jdk/Contents/Home/jre/lib/libjdwp.dylib
0x0000000110dcc000 	/Library/Java/JavaVirtualMachines/jdk1.8.0_25.jdk/Contents/Home/jre/lib/libnpt.dylib
0x0000000110dd9000 	/Library/Java/JavaVirtualMachines/jdk1.8.0_25.jdk/Contents/Home/jre/lib/libzip.dylib
0x0000000110de3000 	/System/Library/Frameworks/JavaVM.framework/Frameworks/JavaRuntimeSupport.framework/JavaRuntimeSupport
0x0000000126faa000 	/System/Library/Frameworks/JavaVM.framework/Versions/A/Frameworks/JavaNativeFoundation.framework/Versions/A/JavaNativeFoundation
0x0000000126fbf000 	/System/Library/Frameworks/JavaVM.framework/Versions/A/JavaVM
0x0000000001c38000 	/System/Library/Frameworks/Carbon.framework/Versions/A/Carbon
0x0000000126fcc000 	/System/Library/PrivateFrameworks/JavaLaunching.framework/Versions/A/JavaLaunching
0x0000000001c38000 	/System/Library/Frameworks/Carbon.framework/Versions/A/Frameworks/CommonPanels.framework/Versions/A/CommonPanels
0x0000000001c38000 	/System/Library/Frameworks/Carbon.framework/Versions/A/Frameworks/Help.framework/Versions/A/Help
0x0000000001c38000 	/System/Library/Frameworks/Carbon.framework/Versions/A/Frameworks/ImageCapture.framework/Versions/A/ImageCapture
0x0000000001c38000 	/System/Library/Frameworks/Carbon.framework/Versions/A/Frameworks/OpenScripting.framework/Versions/A/OpenScripting
0x0000000001c38000 	/System/Library/Frameworks/Carbon.framework/Versions/A/Frameworks/Print.framework/Versions/A/Print
0x0000000001c38000 	/System/Library/Frameworks/Carbon.framework/Versions/A/Frameworks/SecurityHI.framework/Versions/A/SecurityHI
0x00000001288ea000 	/Library/Java/JavaVirtualMachines/jdk1.8.0_25.jdk/Contents/Home/jre/lib/libdt_socket.dylib

VM Arguments:
jvm_args: -agentlib:jdwp=transport=dt_socket,suspend=y,address=localhost:57746 -Dfile.encoding=UTF-8 
java_command: selenium.Sel1
java_class_path (initial): /Users/takipimbp1/workspace/selenium/bin:/Users/takipimbp1/Projects/tools/shits/selenium-server-standalone-2.45.0.jar
Launcher Type: SUN_STANDARD

Environment Variables:
PATH=/usr/bin:/bin:/usr/sbin:/sbin
SHELL=/bin/zsh

Signal Handlers:
SIGSEGV: [libjvm.dylib+0x579dc7], sa_mask[0]=11111111011111110111111111111111, sa_flags=SA_ONSTACK|SA_RESTART|SA_SIGINFO
SIGBUS: [libjvm.dylib+0x579dc7], sa_mask[0]=11111111011111110111111111111111, sa_flags=SA_RESTART|SA_SIGINFO
SIGFPE: [libjvm.dylib+0x45b030], sa_mask[0]=11111111011111110111111111111111, sa_flags=SA_RESTART|SA_SIGINFO
SIGPIPE: [libjvm.dylib+0x45b030], sa_mask[0]=11111111011111110111111111111111, sa_flags=SA_RESTART|SA_SIGINFO
SIGXFSZ: [libjvm.dylib+0x45b030], sa_mask[0]=11111111011111110111111111111111, sa_flags=SA_RESTART|SA_SIGINFO
SIGILL: [libjvm.dylib+0x45b030], sa_mask[0]=11111111011111110111111111111111, sa_flags=SA_RESTART|SA_SIGINFO
SIGUSR1: SIG_DFL, sa_mask[0]=00000000000000000000000000000000, sa_flags=none
SIGUSR2: [libjvm.dylib+0x45ab4e], sa_mask[0]=00100000000000000000000000000000, sa_flags=SA_RESTART|SA_SIGINFO
SIGHUP: [libjvm.dylib+0x459121], sa_mask[0]=11111111011111110111111111111111, sa_flags=SA_RESTART|SA_SIGINFO
SIGINT: [libjvm.dylib+0x459121], sa_mask[0]=11111111011111110111111111111111, sa_flags=SA_RESTART|SA_SIGINFO
SIGTERM: [libjvm.dylib+0x459121], sa_mask[0]=11111111011111110111111111111111, sa_flags=SA_RESTART|SA_SIGINFO
SIGQUIT: [libjvm.dylib+0x459121], sa_mask[0]=11111111011111110111111111111111, sa_flags=SA_RESTART|SA_SIGINFO


---------------  S Y S T E M  ---------------

OS:Bsduname:Darwin 15.0.0 Darwin Kernel Version 15.0.0: Wed Aug 26 16:57:32 PDT 2015; root:xnu-3247.1.106~1/RELEASE_X86_64 x86_64
rlimit: STACK 8192k, CORE 0k, NPROC 709, NOFILE 10240, AS infinity
load average:1.73 2.09 2.15

CPU:total 4 (2 cores per cpu, 2 threads per core) family 6 model 69 stepping 1, cmov, cx8, fxsr, mmx, sse, sse2, sse3, ssse3, sse4.1, sse4.2, popcnt, avx, avx2, aes, clmul, erms, lzcnt, ht, tsc, tscinvbit, bmi1, bmi2

Memory: 4k page, physical 8388608k(161876k free)

/proc/meminfo:


vm_info: Java HotSpot(TM) 64-Bit Server VM (25.25-b02) for bsd-amd64 JRE (1.8.0_25-b17), built on Sep 17 2014 16:56:50 by "java_re" with gcc 4.2.1 (Based on Apple Inc. build 5658) (LLVM build 2336.11.00)

time: Tue Dec  1 17:46:42 2015
elapsed time: 221 seconds (0d 0h 3m 41s)

